mode: set
capstone/controllers/auth/response/admin_profile.go:13.74,21.2 1 0
capstone/controllers/auth/response/login.go:17.62,25.2 1 0
capstone/controllers/auth/response/login_admin.go:13.84,21.2 1 0
capstone/controllers/auth/response/register.go:13.64,21.2 1 0
capstone/controllers/auth/response/register_admin.go:12.76,19.2 1 0
capstone/controllers/auth/response/user_profile.go:14.70,23.2 1 0
capstone/main.go:35.13,39.16 3 0
capstone/main.go:39.16,41.3 1 0
capstone/main.go:43.2,103.41 35 0
capstone/main.go:103.41,105.3 1 0
capstone/main.go:108.16,110.16 2 0
capstone/main.go:110.16,112.3 1 0
capstone/controllers/category/request/category.go:15.58,22.2 1 0
capstone/controllers/category/request/category.go:32.90,41.2 1 0
capstone/controllers/auth/auth_controller.go:16.79,18.2 1 0
capstone/controllers/auth/auth_controller.go:20.68,26.16 4 0
capstone/controllers/auth/auth_controller.go:26.16,28.44 1 0
capstone/controllers/auth/auth_controller.go:28.44,32.4 1 0
capstone/controllers/auth/auth_controller.go:33.3,35.5 1 0
capstone/controllers/auth/auth_controller.go:38.2,41.4 1 0
capstone/controllers/auth/auth_controller.go:44.69,51.37 3 0
capstone/controllers/auth/auth_controller.go:51.37,55.3 1 0
capstone/controllers/auth/auth_controller.go:57.2,58.16 2 0
capstone/controllers/auth/auth_controller.go:58.16,62.3 1 0
capstone/controllers/auth/auth_controller.go:64.2,66.4 1 0
capstone/controllers/auth/auth_controller.go:69.65,73.16 4 0
capstone/controllers/auth/auth_controller.go:73.16,77.3 1 0
capstone/controllers/auth/auth_controller.go:79.2,82.4 1 0
capstone/controllers/auth/auth_controller.go:85.60,88.9 2 0
capstone/controllers/auth/auth_controller.go:88.9,90.3 1 0
capstone/controllers/auth/auth_controller.go:93.2,94.16 2 0
capstone/controllers/auth/auth_controller.go:94.16,96.3 1 0
capstone/controllers/auth/auth_controller.go:98.2,98.70 1 0
capstone/controllers/auth/auth_controller.go:101.60,103.9 2 0
capstone/controllers/auth/auth_controller.go:103.9,105.3 1 0
capstone/controllers/auth/auth_controller.go:107.2,108.37 2 0
capstone/controllers/auth/auth_controller.go:108.37,110.3 1 0
capstone/controllers/auth/auth_controller.go:112.2,113.16 2 0
capstone/controllers/auth/auth_controller.go:113.16,115.3 1 0
capstone/controllers/auth/auth_controller.go:117.2,120.4 1 0
capstone/controllers/auth/auth_controller.go:123.61,125.9 2 0
capstone/controllers/auth/auth_controller.go:125.9,127.3 1 0
capstone/controllers/auth/auth_controller.go:129.2,130.37 2 0
capstone/controllers/auth/auth_controller.go:130.37,132.3 1 0
capstone/controllers/auth/auth_controller.go:135.2,135.24 1 0
capstone/controllers/auth/auth_controller.go:135.24,137.3 1 0
capstone/controllers/auth/auth_controller.go:139.2,140.16 2 0
capstone/controllers/auth/auth_controller.go:140.16,142.3 1 0
capstone/controllers/auth/auth_controller.go:144.2,147.4 1 0
capstone/controllers/auth/auth_controller.go:150.64,152.9 2 0
capstone/controllers/auth/auth_controller.go:152.9,154.3 1 0
capstone/controllers/auth/auth_controller.go:156.2,157.37 2 0
capstone/controllers/auth/auth_controller.go:157.37,159.3 1 0
capstone/controllers/auth/auth_controller.go:161.2,162.16 2 0
capstone/controllers/auth/auth_controller.go:162.16,164.3 1 0
capstone/controllers/auth/auth_controller.go:166.2,166.93 1 0
capstone/controllers/auth/auth_controller_admin.go:20.75,22.2 1 0
capstone/controllers/auth/auth_controller_admin.go:25.79,29.39 2 0
capstone/controllers/auth/auth_controller_admin.go:29.39,31.3 1 0
capstone/controllers/auth/auth_controller_admin.go:34.2,35.16 2 0
capstone/controllers/auth/auth_controller_admin.go:35.16,37.44 1 0
capstone/controllers/auth/auth_controller_admin.go:37.44,41.4 1 0
capstone/controllers/auth/auth_controller_admin.go:42.3,44.5 1 0
capstone/controllers/auth/auth_controller_admin.go:47.2,47.85 1 0
capstone/controllers/auth/auth_controller_admin.go:50.76,57.45 2 0
capstone/controllers/auth/auth_controller_admin.go:57.45,59.3 1 0
capstone/controllers/auth/auth_controller_admin.go:62.2,63.16 2 0
capstone/controllers/auth/auth_controller_admin.go:63.16,65.3 1 0
capstone/controllers/auth/auth_controller_admin.go:68.2,75.4 1 0
capstone/controllers/auth/auth_controller_admin.go:79.78,81.16 2 0
capstone/controllers/auth/auth_controller_admin.go:81.16,83.3 1 0
capstone/controllers/auth/auth_controller_admin.go:85.2,85.38 1 0
capstone/controllers/auth/auth_controller_admin.go:89.78,92.16 3 0
capstone/controllers/auth/auth_controller_admin.go:92.16,94.3 1 0
capstone/controllers/auth/auth_controller_admin.go:96.2,97.16 2 0
capstone/controllers/auth/auth_controller_admin.go:97.16,99.3 1 0
capstone/controllers/auth/auth_controller_admin.go:101.2,101.37 1 0
capstone/controllers/auth/auth_controller_admin.go:105.77,108.16 2 0
capstone/controllers/auth/auth_controller_admin.go:108.16,110.3 1 0
capstone/controllers/auth/auth_controller_admin.go:112.2,115.39 2 0
capstone/controllers/auth/auth_controller_admin.go:115.39,117.3 1 0
capstone/controllers/auth/auth_controller_admin.go:120.2,124.16 3 0
capstone/controllers/auth/auth_controller_admin.go:124.16,126.3 1 0
capstone/controllers/auth/auth_controller_admin.go:128.2,128.44 1 0
capstone/controllers/auth/auth_controller_admin.go:132.77,135.16 3 0
capstone/controllers/auth/auth_controller_admin.go:135.16,137.3 1 0
capstone/controllers/auth/auth_controller_admin.go:140.2,140.64 1 0
capstone/controllers/auth/auth_controller_admin.go:140.64,142.3 1 0
capstone/controllers/auth/auth_controller_admin.go:144.2,144.90 1 0
capstone/controllers/auth/auth_controller_admin.go:147.68,149.35 2 0
capstone/controllers/auth/auth_controller_admin.go:149.35,151.3 1 0
capstone/controllers/auth/auth_controller_admin.go:154.2,154.79 1 0
capstone/controllers/auth/auth_controller_admin.go:157.74,159.16 2 0
capstone/controllers/auth/auth_controller_admin.go:159.16,161.3 1 0
capstone/controllers/auth/auth_controller_admin.go:163.2,164.16 2 0
capstone/controllers/auth/auth_controller_admin.go:164.16,166.3 1 0
capstone/controllers/auth/auth_controller_admin.go:168.2,171.4 1 0
capstone/controllers/auth/auth_controller_admin.go:174.77,176.16 2 0
capstone/controllers/auth/auth_controller_admin.go:176.16,178.3 1 0
capstone/controllers/auth/auth_controller_admin.go:180.2,182.47 2 0
capstone/controllers/auth/auth_controller_admin.go:182.47,184.3 1 0
capstone/controllers/auth/auth_controller_admin.go:186.2,187.16 2 0
capstone/controllers/auth/auth_controller_admin.go:187.16,189.3 1 0
capstone/controllers/auth/auth_controller_admin.go:191.2,194.4 1 0
capstone/config/config.go:19.42,34.16 4 0
capstone/config/config.go:34.16,35.35 1 0
capstone/config/config.go:37.2,37.16 1 0
capstone/config/migration.go:10.33,24.2 2 0
capstone/controllers/comment/response/comment.go:31.66,50.2 1 0
capstone/controllers/comment/response/comment.go:52.72,54.35 2 0
capstone/controllers/comment/response/comment.go:54.35,56.3 1 0
capstone/controllers/comment/response/comment.go:57.2,57.18 1 0
capstone/controllers/auth/request/login.go:10.61,15.2 1 0
capstone/controllers/auth/request/login_admin.go:10.58,15.2 1 0
capstone/controllers/auth/request/register.go:14.54,23.2 1 0
capstone/controllers/auth/request/register_admin.go:13.61,20.2 1 0
capstone/controllers/category/response/category.go:15.60,23.2 1 0
capstone/controllers/category/response/category.go:26.68,28.34 2 0
capstone/controllers/category/response/category.go:28.34,30.3 1 0
capstone/controllers/category/response/category.go:31.2,31.18 1 0
capstone/controllers/comment/request/comment.go:11.68,17.2 1 0
capstone/controllers/comment/user_comment.go:16.87,18.2 1 0
capstone/controllers/comment/user_comment.go:20.63,22.37 2 0
capstone/controllers/comment/user_comment.go:22.37,26.3 1 0
capstone/controllers/comment/user_comment.go:29.2,30.9 2 0
capstone/controllers/comment/user_comment.go:30.9,34.3 1 0
capstone/controllers/comment/user_comment.go:37.2,41.16 3 0
capstone/controllers/comment/user_comment.go:41.16,46.3 1 0
capstone/controllers/comment/user_comment.go:48.2,51.4 1 0
capstone/controllers/comment/user_comment.go:54.69,57.9 2 0
capstone/controllers/comment/user_comment.go:57.9,61.3 1 0
capstone/controllers/comment/user_comment.go:64.2,65.16 2 0
capstone/controllers/comment/user_comment.go:65.16,69.3 1 0
capstone/controllers/comment/user_comment.go:72.2,77.4 2 0
capstone/controllers/comment/user_comment.go:80.67,83.16 2 0
capstone/controllers/comment/user_comment.go:83.16,87.3 1 0
capstone/controllers/comment/user_comment.go:90.2,95.4 2 0
capstone/controllers/comment/user_comment.go:98.67,104.16 3 0
capstone/controllers/comment/user_comment.go:104.16,108.3 1 0
capstone/controllers/comment/user_comment.go:111.2,116.4 2 0
capstone/controllers/complaints/complaints_controller.go:17.91,19.2 1 0
capstone/controllers/complaints/complaints_controller.go:21.80,23.37 2 0
capstone/controllers/complaints/complaints_controller.go:23.37,27.3 1 0
capstone/controllers/complaints/complaints_controller.go:30.2,31.9 2 0
capstone/controllers/complaints/complaints_controller.go:31.9,35.3 1 0
capstone/controllers/complaints/complaints_controller.go:36.2,42.16 4 0
capstone/controllers/complaints/complaints_controller.go:42.16,46.3 1 0
capstone/controllers/complaints/complaints_controller.go:48.2,49.16 2 0
capstone/controllers/complaints/complaints_controller.go:49.16,53.3 1 0
capstone/controllers/complaints/complaints_controller.go:55.2,58.4 1 0
capstone/controllers/complaints/complaints_controller.go:61.91,64.9 2 0
capstone/controllers/complaints/complaints_controller.go:64.9,66.3 1 0
capstone/controllers/complaints/complaints_controller.go:69.2,77.27 7 0
capstone/controllers/complaints/complaints_controller.go:77.27,79.17 2 0
capstone/controllers/complaints/complaints_controller.go:79.17,81.4 1 0
capstone/controllers/complaints/complaints_controller.go:83.2,88.16 4 0
capstone/controllers/complaints/complaints_controller.go:88.16,90.3 1 0
capstone/controllers/complaints/complaints_controller.go:93.2,104.4 2 0
capstone/controllers/complaints/complaints_controller.go:107.71,110.16 2 0
capstone/controllers/complaints/complaints_controller.go:110.16,114.3 1 0
capstone/controllers/complaints/complaints_controller.go:117.2,118.9 2 0
capstone/controllers/complaints/complaints_controller.go:118.9,122.3 1 0
capstone/controllers/complaints/complaints_controller.go:125.2,126.16 2 0
capstone/controllers/complaints/complaints_controller.go:126.16,130.3 1 0
capstone/controllers/complaints/complaints_controller.go:132.2,135.4 1 0
capstone/controllers/complaints/complaints_controller.go:138.73,141.9 2 0
capstone/controllers/complaints/complaints_controller.go:141.9,145.3 1 0
capstone/controllers/complaints/complaints_controller.go:148.2,149.16 2 0
capstone/controllers/complaints/complaints_controller.go:149.16,153.3 1 0
capstone/controllers/complaints/complaints_controller.go:155.2,158.4 1 0
capstone/controllers/complaints/complaints_controller.go:161.76,168.44 4 0
capstone/controllers/complaints/complaints_controller.go:168.44,169.28 1 0
capstone/controllers/complaints/complaints_controller.go:169.28,171.9 2 0
capstone/controllers/complaints/complaints_controller.go:175.2,175.14 1 0
capstone/controllers/complaints/complaints_controller.go:175.14,179.3 1 0
capstone/controllers/complaints/complaints_controller.go:182.2,183.9 2 0
capstone/controllers/complaints/complaints_controller.go:183.9,187.3 1 0
capstone/controllers/complaints/complaints_controller.go:190.2,191.16 2 0
capstone/controllers/complaints/complaints_controller.go:191.16,195.3 1 0
capstone/controllers/complaints/complaints_controller.go:197.2,200.4 1 0
capstone/controllers/complaints/complaints_controller.go:203.77,206.9 2 0
capstone/controllers/complaints/complaints_controller.go:206.9,210.3 1 0
capstone/controllers/complaints/complaints_controller.go:213.2,214.16 2 0
capstone/controllers/complaints/complaints_controller.go:214.16,218.3 1 0
capstone/controllers/complaints/complaints_controller.go:220.2,223.4 1 0
capstone/controllers/complaints/complaints_controller.go:226.77,229.16 2 0
capstone/controllers/complaints/complaints_controller.go:229.16,233.3 1 0
capstone/controllers/complaints/complaints_controller.go:236.2,237.9 2 0
capstone/controllers/complaints/complaints_controller.go:237.9,241.3 1 0
capstone/controllers/complaints/complaints_controller.go:243.2,244.16 2 0
capstone/controllers/complaints/complaints_controller.go:244.16,248.3 1 0
capstone/controllers/complaints/complaints_controller.go:251.2,252.16 2 0
capstone/controllers/complaints/complaints_controller.go:252.16,256.3 1 0
capstone/controllers/complaints/complaints_controller.go:258.2,261.4 1 0
capstone/controllers/complaints/complaints_controller.go:264.70,267.9 2 0
capstone/controllers/complaints/complaints_controller.go:267.9,271.3 1 0
capstone/controllers/complaints/complaints_controller.go:274.2,275.16 2 0
capstone/controllers/complaints/complaints_controller.go:275.16,279.3 1 0
capstone/controllers/complaints/complaints_controller.go:282.2,285.41 2 0
capstone/controllers/complaints/complaints_controller.go:285.41,289.3 1 0
capstone/controllers/complaints/complaints_controller.go:292.2,293.16 2 0
capstone/controllers/complaints/complaints_controller.go:293.16,297.3 1 0
capstone/controllers/complaints/complaints_controller.go:300.2,303.4 1 0
capstone/controllers/complaints/manage_complaints_controller.go:13.87,16.35 2 0
capstone/controllers/complaints/manage_complaints_controller.go:16.35,18.3 1 0
capstone/controllers/complaints/manage_complaints_controller.go:21.2,28.27 6 0
capstone/controllers/complaints/manage_complaints_controller.go:28.27,30.17 2 0
capstone/controllers/complaints/manage_complaints_controller.go:30.17,32.4 1 0
capstone/controllers/complaints/manage_complaints_controller.go:34.2,39.16 4 0
capstone/controllers/complaints/manage_complaints_controller.go:39.16,41.3 1 0
capstone/controllers/complaints/manage_complaints_controller.go:44.2,55.4 2 0
capstone/controllers/complaints/manage_complaints_controller.go:58.80,61.35 2 0
capstone/controllers/complaints/manage_complaints_controller.go:61.35,63.3 1 0
capstone/controllers/complaints/manage_complaints_controller.go:66.2,67.16 2 0
capstone/controllers/complaints/manage_complaints_controller.go:67.16,69.3 1 0
capstone/controllers/complaints/manage_complaints_controller.go:72.2,73.16 2 0
capstone/controllers/complaints/manage_complaints_controller.go:73.16,75.3 1 0
capstone/controllers/complaints/manage_complaints_controller.go:78.2,83.4 2 0
capstone/controllers/complaints/manage_complaints_controller.go:86.77,89.35 2 0
capstone/controllers/complaints/manage_complaints_controller.go:89.35,91.3 1 0
capstone/controllers/complaints/manage_complaints_controller.go:94.2,95.9 2 0
capstone/controllers/complaints/manage_complaints_controller.go:95.9,97.3 1 0
capstone/controllers/complaints/manage_complaints_controller.go:100.2,101.16 2 0
capstone/controllers/complaints/manage_complaints_controller.go:101.16,103.3 1 0
capstone/controllers/complaints/manage_complaints_controller.go:106.2,107.41 2 0
capstone/controllers/complaints/manage_complaints_controller.go:107.41,109.3 1 0
capstone/controllers/complaints/manage_complaints_controller.go:112.2,115.31 2 0
capstone/controllers/complaints/manage_complaints_controller.go:115.31,117.3 1 0
capstone/controllers/complaints/manage_complaints_controller.go:118.2,122.16 3 0
capstone/controllers/complaints/manage_complaints_controller.go:122.16,124.3 1 0
capstone/controllers/complaints/manage_complaints_controller.go:127.2,128.16 2 0
capstone/controllers/complaints/manage_complaints_controller.go:128.16,130.3 1 0
capstone/controllers/complaints/manage_complaints_controller.go:133.2,136.4 1 0
capstone/controllers/complaints/manage_complaints_controller.go:139.77,142.35 2 0
capstone/controllers/complaints/manage_complaints_controller.go:142.35,144.3 1 0
capstone/controllers/complaints/manage_complaints_controller.go:147.2,148.16 2 0
capstone/controllers/complaints/manage_complaints_controller.go:148.16,150.3 1 0
capstone/controllers/complaints/manage_complaints_controller.go:153.2,154.16 2 0
capstone/controllers/complaints/manage_complaints_controller.go:154.16,156.3 1 0
capstone/controllers/complaints/manage_complaints_controller.go:159.2,159.94 1 0
capstone/controllers/category/category_controllers.go:19.82,21.2 1 0
capstone/controllers/category/category_controllers.go:24.69,26.39 2 0
capstone/controllers/category/category_controllers.go:26.39,28.3 1 0
capstone/controllers/category/category_controllers.go:30.2,31.16 2 0
capstone/controllers/category/category_controllers.go:31.16,33.3 1 0
capstone/controllers/category/category_controllers.go:35.2,35.75 1 0
capstone/controllers/category/category_controllers.go:39.70,42.16 3 0
capstone/controllers/category/category_controllers.go:42.16,44.3 1 0
capstone/controllers/category/category_controllers.go:46.2,47.16 2 0
capstone/controllers/category/category_controllers.go:47.16,49.3 1 0
capstone/controllers/category/category_controllers.go:51.2,51.63 1 0
capstone/controllers/category/category_controllers.go:55.71,57.16 2 0
capstone/controllers/category/category_controllers.go:57.16,59.3 1 0
capstone/controllers/category/category_controllers.go:61.2,61.67 1 0
capstone/controllers/category/category_controllers.go:65.69,69.16 3 0
capstone/controllers/category/category_controllers.go:69.16,71.3 1 0
capstone/controllers/category/category_controllers.go:74.2,75.16 2 0
capstone/controllers/category/category_controllers.go:75.16,77.3 1 0
capstone/controllers/category/category_controllers.go:80.2,81.39 2 0
capstone/controllers/category/category_controllers.go:81.39,83.3 1 0
capstone/controllers/category/category_controllers.go:86.2,93.16 4 0
capstone/controllers/category/category_controllers.go:93.16,95.3 1 0
capstone/controllers/category/category_controllers.go:98.2,98.70 1 0
capstone/controllers/category/category_controllers.go:102.69,105.16 3 0
capstone/controllers/category/category_controllers.go:105.16,107.3 1 0
capstone/controllers/category/category_controllers.go:109.2,110.16 2 0
capstone/controllers/category/category_controllers.go:110.16,112.3 1 0
capstone/controllers/category/category_controllers.go:114.2,114.95 1 0
capstone/controllers/complaints/request/complaint_req.go:15.65,24.2 1 0
capstone/controllers/complaints/request/complaint_req.go:36.65,45.2 1 0
capstone/controllers/complaints/response/complaint_res.go:102.134,105.31 2 0
capstone/controllers/complaints/response/complaint_res.go:105.31,110.3 1 0
capstone/controllers/complaints/response/complaint_res.go:113.2,114.47 2 0
capstone/controllers/complaints/response/complaint_res.go:114.47,125.3 1 0
capstone/controllers/complaints/response/complaint_res.go:127.2,151.3 1 0
capstone/controllers/complaints/response/complaint_res.go:154.82,158.47 2 0
capstone/controllers/complaints/response/complaint_res.go:158.47,169.3 1 0
capstone/controllers/complaints/response/complaint_res.go:171.2,194.3 1 0
capstone/controllers/complaints/response/complaint_res.go:197.97,199.39 2 0
capstone/controllers/complaints/response/complaint_res.go:199.39,202.42 2 0
capstone/controllers/complaints/response/complaint_res.go:202.42,207.4 1 0
capstone/controllers/complaints/response/complaint_res.go:210.3,211.48 2 0
capstone/controllers/complaints/response/complaint_res.go:211.48,222.4 1 0
capstone/controllers/complaints/response/complaint_res.go:225.3,226.32 2 0
capstone/controllers/complaints/response/complaint_res.go:226.32,234.4 1 0
capstone/controllers/complaints/response/complaint_res.go:237.3,255.5 1 0
capstone/controllers/complaints/response/complaint_res.go:257.2,257.18 1 0
capstone/controllers/complaints/response/complaint_res.go:260.136,262.31 2 0
capstone/controllers/complaints/response/complaint_res.go:262.31,267.3 1 0
capstone/controllers/complaints/response/complaint_res.go:269.2,293.3 1 0
capstone/controllers/complaints/response/complaint_res.go:296.100,299.41 2 0
capstone/controllers/complaints/response/complaint_res.go:299.41,304.3 1 0
capstone/controllers/complaints/response/complaint_res.go:307.2,308.47 2 0
capstone/controllers/complaints/response/complaint_res.go:308.47,319.3 1 0
capstone/controllers/complaints/response/complaint_res.go:321.2,351.3 1 0
capstone/controllers/complaints/response/complaint_res.go:354.103,356.41 2 0
capstone/controllers/complaints/response/complaint_res.go:356.41,361.3 1 0
capstone/controllers/complaints/response/complaint_res.go:364.2,365.47 2 0
capstone/controllers/complaints/response/complaint_res.go:365.47,376.3 1 0
capstone/controllers/complaints/response/complaint_res.go:378.2,408.3 1 0
capstone/controllers/customer_service/customer_service_controller.go:23.107,25.2 1 0
capstone/controllers/customer_service/customer_service_controller.go:27.91,30.9 2 0
capstone/controllers/customer_service/customer_service_controller.go:30.9,34.3 1 0
capstone/controllers/customer_service/customer_service_controller.go:37.2,38.16 2 0
capstone/controllers/customer_service/customer_service_controller.go:38.16,40.3 1 0
capstone/controllers/customer_service/customer_service_controller.go:42.2,44.41 2 0
capstone/controllers/customer_service/customer_service_controller.go:44.41,46.3 1 0
capstone/controllers/customer_service/customer_service_controller.go:49.2,52.58 2 0
capstone/controllers/customer_service/customer_service_controller.go:52.58,54.3 1 0
capstone/controllers/customer_service/customer_service_controller.go:57.2,60.16 4 0
capstone/controllers/customer_service/customer_service_controller.go:60.16,62.3 1 0
capstone/controllers/customer_service/customer_service_controller.go:63.2,85.16 6 0
capstone/controllers/customer_service/customer_service_controller.go:85.16,87.3 1 0
capstone/controllers/customer_service/customer_service_controller.go:90.2,94.16 3 0
capstone/controllers/customer_service/customer_service_controller.go:94.16,96.3 1 0
capstone/controllers/customer_service/customer_service_controller.go:99.2,100.16 2 0
capstone/controllers/customer_service/customer_service_controller.go:100.16,102.3 1 0
capstone/controllers/customer_service/customer_service_controller.go:105.2,105.83 1 0
capstone/controllers/customer_service/customer_service_controller.go:108.85,111.9 2 0
capstone/controllers/customer_service/customer_service_controller.go:111.9,115.3 1 0
capstone/controllers/customer_service/customer_service_controller.go:118.2,119.28 2 0
capstone/controllers/customer_service/customer_service_controller.go:119.28,121.3 1 0
capstone/controllers/customer_service/customer_service_controller.go:123.2,124.29 2 0
capstone/controllers/customer_service/customer_service_controller.go:124.29,126.3 1 0
capstone/controllers/customer_service/customer_service_controller.go:129.2,130.16 2 0
capstone/controllers/customer_service/customer_service_controller.go:130.16,134.3 1 0
capstone/controllers/customer_service/customer_service_controller.go:137.2,147.4 2 0
capstone/controllers/feedbacks/response/feedback_res.go:71.70,104.2 1 0
capstone/controllers/feedbacks/response/feedback_res.go:106.74,108.31 2 0
capstone/controllers/feedbacks/response/feedback_res.go:108.31,114.3 1 0
capstone/controllers/feedbacks/response/feedback_res.go:115.2,115.23 1 0
capstone/controllers/feedbacks/response/feedback_res.go:118.78,120.37 2 0
capstone/controllers/feedbacks/response/feedback_res.go:120.37,122.3 1 0
capstone/controllers/feedbacks/response/feedback_res.go:123.2,123.18 1 0
capstone/controllers/feedbacks/response/feedback_res.go:126.94,160.2 1 0
capstone/controllers/customer_service/response/customer_service_res.go:37.58,51.2 1 0
capstone/controllers/customer_service/response/customer_service_res.go:53.70,55.37 2 0
capstone/controllers/customer_service/response/customer_service_res.go:55.37,68.3 1 0
capstone/controllers/customer_service/response/customer_service_res.go:69.2,69.18 1 0
capstone/controllers/customer_service/response/customer_service_res.go:72.88,87.2 1 0
capstone/controllers/feedbacks/admin_feedback_controller.go:13.69,16.35 2 0
capstone/controllers/feedbacks/admin_feedback_controller.go:16.35,18.3 1 0
capstone/controllers/feedbacks/admin_feedback_controller.go:21.2,22.9 2 0
capstone/controllers/feedbacks/admin_feedback_controller.go:22.9,24.3 1 0
capstone/controllers/feedbacks/admin_feedback_controller.go:27.2,28.37 2 0
capstone/controllers/feedbacks/admin_feedback_controller.go:28.37,30.3 1 0
capstone/controllers/feedbacks/admin_feedback_controller.go:33.2,34.16 2 0
capstone/controllers/feedbacks/admin_feedback_controller.go:34.16,36.3 1 0
capstone/controllers/feedbacks/admin_feedback_controller.go:39.2,44.4 2 0
capstone/controllers/feedbacks/admin_feedback_controller.go:47.68,50.35 2 0
capstone/controllers/feedbacks/admin_feedback_controller.go:50.35,52.3 1 0
capstone/controllers/feedbacks/admin_feedback_controller.go:55.2,56.16 2 0
capstone/controllers/feedbacks/admin_feedback_controller.go:56.16,58.3 1 0
capstone/controllers/feedbacks/admin_feedback_controller.go:61.2,62.37 2 0
capstone/controllers/feedbacks/admin_feedback_controller.go:62.37,64.3 1 0
capstone/controllers/feedbacks/admin_feedback_controller.go:67.2,68.16 2 0
capstone/controllers/feedbacks/admin_feedback_controller.go:68.16,70.3 1 0
capstone/controllers/feedbacks/admin_feedback_controller.go:73.2,78.4 2 0
capstone/controllers/feedbacks/user_feedback_controller.go:17.91,19.2 1 0
capstone/controllers/feedbacks/user_feedback_controller.go:21.76,24.9 2 0
capstone/controllers/feedbacks/user_feedback_controller.go:24.9,28.3 1 0
capstone/controllers/feedbacks/user_feedback_controller.go:31.2,32.16 2 0
capstone/controllers/feedbacks/user_feedback_controller.go:32.16,36.3 1 0
capstone/controllers/feedbacks/user_feedback_controller.go:39.2,40.16 2 0
capstone/controllers/feedbacks/user_feedback_controller.go:40.16,44.3 1 0
capstone/controllers/feedbacks/user_feedback_controller.go:46.2,49.4 1 0
capstone/controllers/feedbacks/user_feedback_controller.go:52.72,55.9 2 0
capstone/controllers/feedbacks/user_feedback_controller.go:55.9,59.3 1 0
capstone/controllers/feedbacks/user_feedback_controller.go:62.2,63.16 2 0
capstone/controllers/feedbacks/user_feedback_controller.go:63.16,67.3 1 0
capstone/controllers/feedbacks/user_feedback_controller.go:69.2,72.4 1 0
capstone/controllers/feedbacks/user_feedback_controller.go:75.75,78.9 2 0
capstone/controllers/feedbacks/user_feedback_controller.go:78.9,82.3 1 0
capstone/controllers/feedbacks/user_feedback_controller.go:85.2,86.16 2 0
capstone/controllers/feedbacks/user_feedback_controller.go:86.16,90.3 1 0
capstone/controllers/feedbacks/user_feedback_controller.go:93.2,94.41 2 0
capstone/controllers/feedbacks/user_feedback_controller.go:94.41,98.3 1 0
capstone/controllers/feedbacks/user_feedback_controller.go:101.2,102.16 2 0
capstone/controllers/feedbacks/user_feedback_controller.go:102.16,106.3 1 0
capstone/controllers/feedbacks/user_feedback_controller.go:109.2,110.16 2 0
capstone/controllers/feedbacks/user_feedback_controller.go:110.16,114.3 1 0
capstone/controllers/feedbacks/user_feedback_controller.go:116.2,119.4 1 0
capstone/controllers/news/manage_news.go:13.72,16.35 2 0
capstone/controllers/news/manage_news.go:16.35,18.3 1 0
capstone/controllers/news/manage_news.go:21.2,25.15 3 0
capstone/controllers/news/manage_news.go:25.15,27.3 1 0
capstone/controllers/news/manage_news.go:28.2,28.16 1 0
capstone/controllers/news/manage_news.go:28.16,30.3 1 0
capstone/controllers/news/manage_news.go:33.2,34.16 2 0
capstone/controllers/news/manage_news.go:34.16,38.3 1 0
capstone/controllers/news/manage_news.go:40.2,46.4 1 0
capstone/controllers/news/manage_news.go:49.70,52.35 2 0
capstone/controllers/news/manage_news.go:52.35,54.3 1 0
capstone/controllers/news/manage_news.go:56.2,59.16 3 0
capstone/controllers/news/manage_news.go:59.16,63.3 1 0
capstone/controllers/news/manage_news.go:65.2,68.4 1 0
capstone/controllers/news/manage_news.go:71.57,74.35 2 0
capstone/controllers/news/manage_news.go:74.35,76.3 1 0
capstone/controllers/news/manage_news.go:78.2,79.37 2 0
capstone/controllers/news/manage_news.go:79.37,81.3 1 0
capstone/controllers/news/manage_news.go:84.2,88.16 3 0
capstone/controllers/news/manage_news.go:88.16,90.3 1 0
capstone/controllers/news/manage_news.go:93.2,96.4 1 0
capstone/controllers/news/manage_news.go:99.67,102.35 2 0
capstone/controllers/news/manage_news.go:102.35,104.3 1 0
capstone/controllers/news/manage_news.go:106.2,109.37 3 0
capstone/controllers/news/manage_news.go:109.37,111.3 1 0
capstone/controllers/news/manage_news.go:114.2,118.16 3 0
capstone/controllers/news/manage_news.go:118.16,120.3 1 0
capstone/controllers/news/manage_news.go:122.2,125.4 1 0
capstone/controllers/news/manage_news.go:128.75,131.35 2 0
capstone/controllers/news/manage_news.go:131.35,133.3 1 0
capstone/controllers/news/manage_news.go:135.2,136.37 2 0
capstone/controllers/news/manage_news.go:136.37,140.3 1 0
capstone/controllers/news/manage_news.go:143.2,144.16 2 0
capstone/controllers/news/manage_news.go:144.16,148.3 1 0
capstone/controllers/news/manage_news.go:150.2,152.4 1 0
capstone/controllers/news/view_news.go:17.75,19.2 1 0
capstone/controllers/news/view_news.go:21.60,24.29 2 0
capstone/controllers/news/view_news.go:24.29,26.3 1 0
capstone/controllers/news/view_news.go:28.2,29.30 2 0
capstone/controllers/news/view_news.go:29.30,31.3 1 0
capstone/controllers/news/view_news.go:34.2,35.16 2 0
capstone/controllers/news/view_news.go:35.16,39.3 1 0
capstone/controllers/news/view_news.go:42.2,53.4 2 0
capstone/controllers/news/view_news.go:56.61,62.16 3 0
capstone/controllers/news/view_news.go:62.16,66.3 1 0
capstone/controllers/news/view_news.go:69.2,74.4 2 0
capstone/repositories/category/category_repo.go:26.60,28.2 1 0
capstone/repositories/category/category_repo.go:31.121,33.67 2 0
capstone/repositories/category/category_repo.go:33.67,35.3 1 0
capstone/repositories/category/category_repo.go:36.2,36.32 1 0
capstone/repositories/category/category_repo.go:40.102,42.70 2 0
capstone/repositories/category/category_repo.go:42.70,44.3 1 0
capstone/repositories/category/category_repo.go:45.2,45.32 1 0
capstone/repositories/category/category_repo.go:49.97,51.70 2 0
capstone/repositories/category/category_repo.go:51.70,53.3 1 0
capstone/repositories/category/category_repo.go:55.2,56.35 2 0
capstone/repositories/category/category_repo.go:56.35,58.3 1 0
capstone/repositories/category/category_repo.go:59.2,59.26 1 0
capstone/repositories/category/category_repo.go:63.121,65.65 2 0
capstone/repositories/category/category_repo.go:65.65,67.3 1 0
capstone/repositories/category/category_repo.go:68.2,68.32 1 0
capstone/repositories/category/category_repo.go:72.80,73.83 1 0
capstone/repositories/category/category_repo.go:73.83,75.3 1 0
capstone/repositories/category/category_repo.go:76.2,76.12 1 0
capstone/controllers/news/request/news_req.go:17.52,27.2 2 0
capstone/middlewares/jwt.go:25.64,35.16 4 0
capstone/middlewares/jwt.go:35.16,37.3 1 0
capstone/middlewares/jwt.go:38.2,38.15 1 0
capstone/middlewares/jwt.go:42.52,45.2 2 0
capstone/middlewares/jwt.go:48.52,51.2 2 0
capstone/middlewares/jwt.go:53.74,54.36 1 0
capstone/middlewares/jwt.go:54.36,56.10 2 0
capstone/middlewares/jwt.go:56.10,58.4 1 0
capstone/middlewares/jwt.go:61.3,62.30 2 0
capstone/middlewares/jwt.go:62.30,64.4 1 0
capstone/middlewares/jwt.go:67.3,68.10 2 0
capstone/middlewares/jwt.go:68.10,70.4 1 0
capstone/middlewares/jwt.go:71.3,73.17 2 0
capstone/middlewares/jwt_admin.go:25.80,37.2 4 0
capstone/middlewares/jwt_admin.go:40.85,41.36 1 0
capstone/middlewares/jwt_admin.go:41.36,44.10 2 0
capstone/middlewares/jwt_admin.go:44.10,46.4 1 0
capstone/middlewares/jwt_admin.go:49.3,50.30 2 0
capstone/middlewares/jwt_admin.go:50.30,52.4 1 0
capstone/middlewares/jwt_admin.go:55.3,56.10 2 0
capstone/middlewares/jwt_admin.go:56.10,58.4 1 0
capstone/middlewares/jwt_admin.go:59.3,60.10 2 0
capstone/middlewares/jwt_admin.go:60.10,62.4 1 0
capstone/middlewares/jwt_admin.go:65.3,68.17 3 0
capstone/middlewares/jwt_admin.go:73.50,75.9 2 0
capstone/middlewares/jwt_admin.go:75.9,77.3 1 0
capstone/middlewares/jwt_admin.go:78.2,78.21 1 0
capstone/middlewares/jwt_admin.go:82.55,84.9 2 0
capstone/middlewares/jwt_admin.go:84.9,86.3 1 0
capstone/middlewares/jwt_admin.go:87.2,87.18 1 0
capstone/repositories/auth/auth_repository.go:13.53,17.2 1 0
capstone/repositories/auth/auth_repository.go:33.83,36.22 3 0
capstone/repositories/auth/auth_repository.go:36.22,38.3 1 0
capstone/repositories/auth/auth_repository.go:39.2,39.33 1 0
capstone/repositories/auth/auth_repository.go:42.80,45.22 3 0
capstone/repositories/auth/auth_repository.go:45.22,47.3 1 0
capstone/repositories/auth/auth_repository.go:48.2,48.33 1 0
capstone/repositories/auth/auth_repository.go:51.72,54.16 3 0
capstone/repositories/auth/auth_repository.go:54.16,56.3 1 0
capstone/repositories/auth/auth_repository.go:57.2,57.23 1 0
capstone/repositories/auth/auth_repository.go:60.79,63.16 3 0
capstone/repositories/auth/auth_repository.go:63.16,65.3 1 0
capstone/repositories/auth/auth_repository.go:66.2,66.31 1 0
capstone/repositories/auth/auth_repository.go:69.64,83.31 3 0
capstone/repositories/auth/auth_repository.go:83.31,85.3 1 0
capstone/repositories/auth/auth_repository.go:85.8,87.3 1 0
capstone/repositories/auth/auth_repository.go:90.2,90.89 1 0
capstone/repositories/auth/auth_repository.go:93.74,96.16 3 0
capstone/repositories/auth/auth_repository.go:96.16,98.3 1 0
capstone/repositories/auth/auth_repository.go:99.2,99.31 1 0
capstone/repositories/auth/auth_repository.go:102.71,104.21 2 0
capstone/repositories/auth/auth_repository.go:104.21,106.3 1 0
capstone/repositories/auth/auth_repository.go:107.2,107.25 1 0
capstone/repositories/auth/auth_repository.go:107.25,109.3 1 0
capstone/repositories/auth/auth_repository.go:110.2,110.25 1 0
capstone/repositories/auth/auth_repository.go:110.25,112.3 1 0
capstone/repositories/auth/auth_repository.go:114.2,114.87 1 0
capstone/repositories/auth/auth_repository_admin.go:17.55,19.2 1 0
capstone/repositories/auth/auth_repository_admin.go:22.88,24.58 2 0
capstone/repositories/auth/auth_repository_admin.go:24.58,26.3 1 0
capstone/repositories/auth/auth_repository_admin.go:27.2,27.37 1 0
capstone/repositories/auth/auth_repository_admin.go:31.70,33.57 2 0
capstone/repositories/auth/auth_repository_admin.go:33.57,35.3 1 0
capstone/repositories/auth/auth_repository_admin.go:37.2,38.41 2 0
capstone/repositories/auth/auth_repository_admin.go:38.41,40.3 1 0
capstone/repositories/auth/auth_repository_admin.go:41.2,41.20 1 0
capstone/repositories/auth/auth_repository_admin.go:45.75,47.61 2 0
capstone/repositories/auth/auth_repository_admin.go:47.61,48.45 1 0
capstone/repositories/auth/auth_repository_admin.go:48.45,50.4 1 0
capstone/repositories/auth/auth_repository_admin.go:51.3,51.31 1 0
capstone/repositories/auth/auth_repository_admin.go:53.2,53.37 1 0
capstone/repositories/auth/auth_repository_admin.go:57.88,64.23 2 0
capstone/repositories/auth/auth_repository_admin.go:64.23,66.3 1 0
capstone/repositories/auth/auth_repository_admin.go:67.2,67.37 1 0
capstone/repositories/auth/auth_repository_admin.go:71.56,72.66 1 0
capstone/repositories/auth/auth_repository_admin.go:72.66,74.3 1 0
capstone/repositories/auth/auth_repository_admin.go:75.2,75.12 1 0
capstone/repositories/auth/auth_repository_admin.go:78.77,87.2 2 0
capstone/repositories/auth/auth_repository_admin.go:89.78,92.16 3 0
capstone/repositories/auth/auth_repository_admin.go:92.16,94.3 1 0
capstone/repositories/auth/auth_repository_admin.go:95.2,95.23 1 0
capstone/controllers/news/response/news_res.go:51.55,53.40 2 0
capstone/controllers/news/response/news_res.go:53.40,60.3 1 0
capstone/controllers/news/response/news_res.go:62.2,73.3 1 0
capstone/controllers/news/response/news_res.go:76.60,78.27 2 0
capstone/controllers/news/response/news_res.go:78.27,80.3 1 0
capstone/controllers/news/response/news_res.go:81.2,81.18 1 0
capstone/repositories/comment/user_comment.go:25.59,27.2 1 0
capstone/repositories/comment/user_comment.go:29.93,33.58 2 0
capstone/repositories/comment/user_comment.go:33.58,35.3 1 0
capstone/repositories/comment/user_comment.go:38.2,38.116 1 0
capstone/repositories/comment/user_comment.go:38.116,40.3 1 0
capstone/repositories/comment/user_comment.go:42.2,42.39 1 0
capstone/repositories/comment/user_comment.go:45.90,50.16 3 0
capstone/repositories/comment/user_comment.go:50.16,52.3 1 0
capstone/repositories/comment/user_comment.go:55.2,56.35 2 0
capstone/repositories/comment/user_comment.go:56.35,58.3 1 0
capstone/repositories/comment/user_comment.go:60.2,60.20 1 0
capstone/repositories/comment/user_comment.go:63.80,66.16 3 0
capstone/repositories/comment/user_comment.go:66.16,68.3 1 0
capstone/repositories/comment/user_comment.go:69.2,69.23 1 0
capstone/repositories/comment/user_comment.go:72.75,75.16 3 0
capstone/repositories/comment/user_comment.go:75.16,77.3 1 0
capstone/repositories/comment/user_comment.go:78.2,78.18 1 0
capstone/repositories/comment/user_comment.go:81.75,86.16 3 0
capstone/repositories/comment/user_comment.go:86.16,88.3 1 0
capstone/repositories/comment/user_comment.go:91.2,92.35 2 0
capstone/repositories/comment/user_comment.go:92.35,94.3 1 0
capstone/repositories/comment/user_comment.go:96.2,96.20 1 0
capstone/repositories/comment/user_comment.go:99.89,104.16 3 0
capstone/repositories/comment/user_comment.go:104.16,106.3 1 0
capstone/repositories/comment/user_comment.go:109.2,109.34 1 0
capstone/repositories/complaints/complaint_repo.go:34.51,36.2 1 0
capstone/repositories/complaints/complaint_repo.go:38.92,40.55 2 0
capstone/repositories/complaints/complaint_repo.go:40.55,42.3 1 0
capstone/repositories/complaints/complaint_repo.go:45.2,46.16 2 0
capstone/repositories/complaints/complaint_repo.go:46.16,48.3 1 0
capstone/repositories/complaints/complaint_repo.go:50.2,50.36 1 0
capstone/repositories/complaints/complaint_repo.go:53.156,62.18 4 0
capstone/repositories/complaints/complaint_repo.go:62.18,64.3 1 0
capstone/repositories/complaints/complaint_repo.go:67.2,67.20 1 0
capstone/repositories/complaints/complaint_repo.go:67.20,69.3 1 0
capstone/repositories/complaints/complaint_repo.go:72.2,72.77 1 0
capstone/repositories/complaints/complaint_repo.go:72.77,74.3 1 0
capstone/repositories/complaints/complaint_repo.go:77.2,77.15 1 0
capstone/repositories/complaints/complaint_repo.go:77.15,80.3 2 0
capstone/repositories/complaints/complaint_repo.go:83.2,87.16 3 0
capstone/repositories/complaints/complaint_repo.go:87.16,89.3 1 0
capstone/repositories/complaints/complaint_repo.go:92.2,93.39 2 0
capstone/repositories/complaints/complaint_repo.go:93.39,95.3 1 0
capstone/repositories/complaints/complaint_repo.go:97.2,97.27 1 0
capstone/repositories/complaints/complaint_repo.go:100.114,102.31 2 0
capstone/repositories/complaints/complaint_repo.go:102.31,104.3 1 0
capstone/repositories/complaints/complaint_repo.go:107.2,107.57 1 0
capstone/repositories/complaints/complaint_repo.go:107.57,109.3 1 0
capstone/repositories/complaints/complaint_repo.go:112.2,113.41 2 0
capstone/repositories/complaints/complaint_repo.go:113.41,115.3 1 0
capstone/repositories/complaints/complaint_repo.go:117.2,117.25 1 0
capstone/repositories/complaints/complaint_repo.go:120.88,123.16 3 0
capstone/repositories/complaints/complaint_repo.go:123.16,125.3 1 0
capstone/repositories/complaints/complaint_repo.go:126.2,126.24 1 0
capstone/repositories/complaints/complaint_repo.go:129.90,141.16 3 0
capstone/repositories/complaints/complaint_repo.go:141.16,143.3 1 0
capstone/repositories/complaints/complaint_repo.go:146.2,147.39 2 0
capstone/repositories/complaints/complaint_repo.go:147.39,149.3 1 0
capstone/repositories/complaints/complaint_repo.go:151.2,151.20 1 0
capstone/repositories/complaints/complaint_repo.go:154.103,166.16 3 0
capstone/repositories/complaints/complaint_repo.go:166.16,168.3 1 0
capstone/repositories/complaints/complaint_repo.go:171.2,171.36 1 0
capstone/repositories/complaints/complaint_repo.go:174.112,180.16 3 0
capstone/repositories/complaints/complaint_repo.go:180.16,182.3 1 0
capstone/repositories/complaints/complaint_repo.go:185.2,186.39 2 0
capstone/repositories/complaints/complaint_repo.go:186.39,188.3 1 0
capstone/repositories/complaints/complaint_repo.go:190.2,190.20 1 0
capstone/repositories/complaints/complaint_repo.go:193.91,204.16 3 0
capstone/repositories/complaints/complaint_repo.go:204.16,206.3 1 0
capstone/repositories/complaints/complaint_repo.go:209.2,210.39 2 0
capstone/repositories/complaints/complaint_repo.go:210.39,212.3 1 0
capstone/repositories/complaints/complaint_repo.go:214.2,214.20 1 0
capstone/repositories/complaints/complaint_repo.go:217.76,220.16 3 0
capstone/repositories/complaints/complaint_repo.go:220.16,222.3 1 0
capstone/repositories/complaints/complaint_repo.go:223.2,223.23 1 0
capstone/repositories/complaints/complaint_repo.go:226.115,232.16 3 0
capstone/repositories/complaints/complaint_repo.go:232.16,234.3 1 0
capstone/repositories/complaints/complaint_repo.go:237.2,238.39 2 0
capstone/repositories/complaints/complaint_repo.go:238.39,240.3 1 0
capstone/repositories/complaints/complaint_repo.go:242.2,242.20 1 0
capstone/repositories/complaints/complaint_repo.go:245.86,252.16 3 0
capstone/repositories/complaints/complaint_repo.go:252.16,254.3 1 0
capstone/repositories/complaints/complaint_repo.go:255.2,255.23 1 0
capstone/repositories/complaints/complaint_repo.go:258.101,265.2 1 0
capstone/repositories/complaints/manage_complaints_repo.go:10.145,18.18 4 0
capstone/repositories/complaints/manage_complaints_repo.go:18.18,20.3 1 0
capstone/repositories/complaints/manage_complaints_repo.go:23.2,23.20 1 0
capstone/repositories/complaints/manage_complaints_repo.go:23.20,25.3 1 0
capstone/repositories/complaints/manage_complaints_repo.go:28.2,28.77 1 0
capstone/repositories/complaints/manage_complaints_repo.go:28.77,30.3 1 0
capstone/repositories/complaints/manage_complaints_repo.go:33.2,33.15 1 0
capstone/repositories/complaints/manage_complaints_repo.go:33.15,36.3 2 0
capstone/repositories/complaints/manage_complaints_repo.go:39.2,43.16 3 0
capstone/repositories/complaints/manage_complaints_repo.go:43.16,45.3 1 0
capstone/repositories/complaints/manage_complaints_repo.go:48.2,49.39 2 0
capstone/repositories/complaints/manage_complaints_repo.go:49.39,51.3 1 0
capstone/repositories/complaints/manage_complaints_repo.go:53.2,53.27 1 0
capstone/repositories/complaints/manage_complaints_repo.go:56.99,64.16 3 0
capstone/repositories/complaints/manage_complaints_repo.go:64.16,66.3 1 0
capstone/repositories/complaints/manage_complaints_repo.go:67.2,67.42 1 0
capstone/repositories/complaints/manage_complaints_repo.go:70.93,73.16 3 0
capstone/repositories/complaints/manage_complaints_repo.go:73.16,75.3 1 0
capstone/repositories/complaints/manage_complaints_repo.go:76.2,76.36 1 0
capstone/repositories/complaints/manage_complaints_repo.go:79.101,94.16 3 0
capstone/repositories/complaints/manage_complaints_repo.go:94.16,96.3 1 0
capstone/repositories/complaints/manage_complaints_repo.go:98.2,98.12 1 0
capstone/repositories/complaints/manage_complaints_repo.go:101.65,103.108 1 0
capstone/repositories/complaints/manage_complaints_repo.go:103.108,105.3 1 0
capstone/repositories/complaints/manage_complaints_repo.go:108.2,108.93 1 0
capstone/repositories/complaints/manage_complaints_repo.go:108.93,110.3 1 0
capstone/repositories/complaints/manage_complaints_repo.go:112.2,112.12 1 0
capstone/repositories/customer_service/customer_service_repo.go:17.66,19.2 1 0
capstone/repositories/customer_service/customer_service_repo.go:25.84,26.56 1 0
capstone/repositories/customer_service/customer_service_repo.go:26.56,28.3 1 0
capstone/repositories/customer_service/customer_service_repo.go:29.2,29.12 1 0
capstone/repositories/customer_service/customer_service_repo.go:32.82,34.69 2 0
capstone/repositories/customer_service/customer_service_repo.go:34.69,36.3 1 0
capstone/repositories/customer_service/customer_service_repo.go:37.2,37.18 1 0
capstone/repositories/customer_service/customer_service_repo.go:40.123,45.109 3 0
capstone/repositories/customer_service/customer_service_repo.go:45.109,47.3 1 0
capstone/repositories/customer_service/customer_service_repo.go:50.2,50.153 1 0
capstone/repositories/customer_service/customer_service_repo.go:50.153,52.3 1 0
capstone/repositories/customer_service/customer_service_repo.go:55.2,56.37 2 0
capstone/repositories/customer_service/customer_service_repo.go:56.37,58.3 1 0
capstone/repositories/customer_service/customer_service_repo.go:60.2,60.32 1 0
capstone/repositories/feedbacks/admin_feedback_repo.go:10.81,20.59 2 0
capstone/repositories/feedbacks/admin_feedback_repo.go:20.59,22.3 1 0
capstone/repositories/feedbacks/admin_feedback_repo.go:25.2,26.12 2 0
capstone/repositories/feedbacks/admin_feedback_repo.go:29.75,33.2 3 0
capstone/repositories/feedbacks/admin_feedback_repo.go:35.73,39.2 3 0
capstone/repositories/feedbacks/admin_feedback_repo.go:41.112,48.2 1 0
capstone/repositories/feedbacks/admin_feedback_repo.go:50.83,54.2 3 0
capstone/repositories/feedbacks/admin_feedback_repo.go:56.80,66.2 3 0
capstone/repositories/feedbacks/user_feedback_repo.go:30.61,32.2 1 0
capstone/repositories/feedbacks/user_feedback_repo.go:34.93,41.16 3 0
capstone/repositories/feedbacks/user_feedback_repo.go:41.16,43.3 1 0
capstone/repositories/feedbacks/user_feedback_repo.go:45.2,45.36 1 0
capstone/repositories/feedbacks/user_feedback_repo.go:48.100,55.16 3 0
capstone/repositories/feedbacks/user_feedback_repo.go:55.16,57.3 1 0
capstone/repositories/feedbacks/user_feedback_repo.go:58.2,58.35 1 0
capstone/repositories/feedbacks/user_feedback_repo.go:61.93,72.16 3 0
capstone/repositories/feedbacks/user_feedback_repo.go:72.16,74.3 1 0
capstone/repositories/feedbacks/user_feedback_repo.go:77.2,78.37 2 0
capstone/repositories/feedbacks/user_feedback_repo.go:78.37,80.3 1 0
capstone/repositories/feedbacks/user_feedback_repo.go:81.2,81.20 1 0
capstone/repositories/feedbacks/user_feedback_repo.go:84.93,87.2 1 0
capstone/repositories/feedbacks/user_feedback_repo.go:89.91,92.2 1 0
capstone/repositories/feedbacks/user_feedback_repo.go:94.90,104.16 3 0
capstone/repositories/feedbacks/user_feedback_repo.go:104.16,107.3 2 0
capstone/repositories/feedbacks/user_feedback_repo.go:109.2,109.35 1 0
capstone/repositories/models/admin.go:20.52,30.2 1 0
capstone/repositories/models/admin.go:33.48,43.2 1 0
capstone/repositories/models/ai_response_models.go:18.54,33.2 1 0
capstone/repositories/models/categories.go:17.57,25.2 1 0
capstone/repositories/models/categories.go:27.50,35.2 1 0
capstone/repositories/models/comment.go:18.60,26.2 1 0
capstone/repositories/models/comment.go:28.54,38.2 1 0
capstone/repositories/models/complaints.go:29.60,42.2 1 0
capstone/repositories/models/complaints.go:44.52,46.33 2 0
capstone/repositories/models/complaints.go:46.33,48.3 1 0
capstone/repositories/models/complaints.go:50.2,51.39 2 0
capstone/repositories/models/complaints.go:51.39,53.3 1 0
capstone/repositories/models/complaints.go:55.2,72.3 1 0
capstone/repositories/models/complaints.go:75.58,77.33 2 0
capstone/repositories/models/complaints.go:77.33,79.3 1 0
capstone/repositories/models/complaints.go:81.2,82.39 2 0
capstone/repositories/models/complaints.go:82.39,84.3 1 0
capstone/repositories/models/complaints.go:86.2,104.3 1 0
capstone/repositories/models/feedbacks.go:24.64,33.2 1 0
capstone/repositories/models/feedbacks.go:36.57,80.2 1 0
capstone/repositories/models/feedbacks.go:83.72,85.31 2 0
capstone/repositories/models/feedbacks.go:85.31,87.3 1 0
capstone/repositories/models/feedbacks.go:88.2,88.21 1 0
capstone/repositories/models/news.go:24.45,38.2 1 0
capstone/repositories/models/news.go:40.48,52.2 1 0
capstone/repositories/models/news.go:54.56,56.40 2 0
capstone/repositories/models/news.go:56.40,58.3 1 0
capstone/repositories/models/news.go:60.2,71.3 1 0
capstone/repositories/models/url_photos.go:15.79,22.2 1 0
capstone/repositories/models/url_photos.go:24.63,31.2 1 0
capstone/repositories/models/users.go:23.48,37.2 1 0
capstone/repositories/models/users.go:39.45,53.2 1 0
capstone/routes/routes.go:32.56,130.2 70 0
capstone/repositories/news/manage_news.go:9.99,15.16 4 0
capstone/repositories/news/manage_news.go:15.16,17.3 1 0
capstone/repositories/news/manage_news.go:20.2,28.16 3 0
capstone/repositories/news/manage_news.go:28.16,30.3 1 0
capstone/repositories/news/manage_news.go:33.2,34.32 2 0
capstone/repositories/news/manage_news.go:34.32,37.3 2 0
capstone/repositories/news/manage_news.go:39.2,39.27 1 0
capstone/repositories/news/manage_news.go:42.85,50.16 3 0
capstone/repositories/news/manage_news.go:50.16,52.3 1 0
capstone/repositories/news/manage_news.go:54.2,54.42 1 0
capstone/repositories/news/manage_news.go:57.73,60.16 3 0
capstone/repositories/news/manage_news.go:60.16,62.3 1 0
capstone/repositories/news/manage_news.go:63.2,63.23 1 0
capstone/repositories/news/manage_news.go:66.81,71.16 3 0
capstone/repositories/news/manage_news.go:71.16,73.3 1 0
capstone/repositories/news/manage_news.go:76.2,77.16 2 0
capstone/repositories/news/manage_news.go:77.16,79.3 1 0
capstone/repositories/news/manage_news.go:82.2,82.36 1 0
capstone/repositories/news/manage_news.go:85.103,90.16 3 0
capstone/repositories/news/manage_news.go:90.16,92.3 1 0
capstone/repositories/news/manage_news.go:95.2,103.16 7 0
capstone/repositories/news/manage_news.go:103.16,105.3 1 0
capstone/repositories/news/manage_news.go:108.2,109.16 2 0
capstone/repositories/news/manage_news.go:109.16,111.3 1 0
capstone/repositories/news/manage_news.go:113.2,113.50 1 0
capstone/repositories/news/manage_news.go:116.69,119.16 3 0
capstone/repositories/news/manage_news.go:119.16,121.3 1 0
capstone/repositories/news/manage_news.go:122.2,122.25 1 0
capstone/repositories/news/manage_news.go:125.63,128.16 2 0
capstone/repositories/news/manage_news.go:128.16,130.3 1 0
capstone/repositories/news/manage_news.go:132.2,132.12 1 0
capstone/repositories/news/view_news.go:28.53,30.2 1 0
capstone/repositories/news/view_news.go:32.91,38.16 4 0
capstone/repositories/news/view_news.go:38.16,40.3 1 0
capstone/repositories/news/view_news.go:43.2,48.16 3 0
capstone/repositories/news/view_news.go:48.16,50.3 1 0
capstone/repositories/news/view_news.go:53.2,54.25 2 0
capstone/repositories/news/view_news.go:54.25,56.3 1 0
capstone/repositories/news/view_news.go:58.2,58.27 1 0
capstone/repositories/news/view_news.go:61.73,66.16 3 0
capstone/repositories/news/view_news.go:66.16,68.3 1 0
capstone/repositories/news/view_news.go:71.2,71.42 1 0
capstone/utils/strings_utils.go:6.47,8.29 2 0
capstone/utils/strings_utils.go:8.29,10.3 1 0
capstone/utils/strings_utils.go:11.2,11.33 1 0
capstone/utils/strings_utils.go:15.52,16.25 1 0
capstone/utils/strings_utils.go:16.25,17.15 1 0
capstone/utils/strings_utils.go:17.15,19.4 1 0
capstone/utils/strings_utils.go:21.2,21.14 1 0
capstone/services/customer_service/customer_service.go:9.92,11.2 1 0
capstone/services/customer_service/customer_service.go:23.99,33.2 2 0
capstone/services/customer_service/customer_service.go:35.80,37.2 1 0
capstone/services/customer_service/customer_service.go:39.119,42.2 2 0
capstone/services/category/category_service.go:26.75,28.2 1 0
capstone/services/category/category_service.go:31.118,33.16 2 0
capstone/services/category/category_service.go:33.16,36.3 1 0
capstone/services/category/category_service.go:37.2,37.29 1 0
capstone/services/category/category_service.go:41.99,43.16 2 0
capstone/services/category/category_service.go:43.16,45.3 1 0
capstone/services/category/category_service.go:46.2,46.22 1 0
capstone/services/category/category_service.go:50.94,52.16 2 0
capstone/services/category/category_service.go:52.16,54.3 1 0
capstone/services/category/category_service.go:55.2,55.24 1 0
capstone/services/category/category_service.go:59.118,61.16 2 0
capstone/services/category/category_service.go:61.16,63.3 1 0
capstone/services/category/category_service.go:64.2,64.29 1 0
capstone/services/category/category_service.go:68.77,70.16 2 0
capstone/services/category/category_service.go:70.16,72.3 1 0
capstone/services/category/category_service.go:73.2,73.12 1 0
capstone/services/complaints/complaint_services.go:32.82,34.2 1 0
capstone/services/complaints/complaint_services.go:36.142,38.25 1 0
capstone/services/complaints/complaint_services.go:38.25,40.3 1 0
capstone/services/complaints/complaint_services.go:41.2,41.23 1 0
capstone/services/complaints/complaint_services.go:41.23,43.3 1 0
capstone/services/complaints/complaint_services.go:44.2,44.29 1 0
capstone/services/complaints/complaint_services.go:44.29,46.3 1 0
capstone/services/complaints/complaint_services.go:47.2,47.19 1 0
capstone/services/complaints/complaint_services.go:47.19,49.3 1 0
capstone/services/complaints/complaint_services.go:50.2,50.22 1 0
capstone/services/complaints/complaint_services.go:50.22,52.3 1 0
capstone/services/complaints/complaint_services.go:55.2,56.16 2 0
capstone/services/complaints/complaint_services.go:56.16,58.3 1 0
capstone/services/complaints/complaint_services.go:59.2,59.15 1 0
capstone/services/complaints/complaint_services.go:59.15,61.3 1 0
capstone/services/complaints/complaint_services.go:64.2,65.16 2 0
capstone/services/complaints/complaint_services.go:65.16,67.3 1 0
capstone/services/complaints/complaint_services.go:70.2,71.32 2 0
capstone/services/complaints/complaint_services.go:71.32,76.3 1 0
capstone/services/complaints/complaint_services.go:79.2,79.21 1 0
capstone/services/complaints/complaint_services.go:79.21,81.17 2 0
capstone/services/complaints/complaint_services.go:81.17,83.4 1 0
capstone/services/complaints/complaint_services.go:86.2,86.31 1 0
capstone/services/complaints/complaint_services.go:89.159,91.18 1 0
capstone/services/complaints/complaint_services.go:91.18,93.50 2 0
capstone/services/complaints/complaint_services.go:93.50,95.4 1 0
capstone/services/complaints/complaint_services.go:99.2,100.16 2 0
capstone/services/complaints/complaint_services.go:100.16,102.3 1 0
capstone/services/complaints/complaint_services.go:104.2,104.31 1 0
capstone/services/complaints/complaint_services.go:107.101,110.2 1 0
capstone/services/complaints/complaint_services.go:112.93,115.16 2 0
capstone/services/complaints/complaint_services.go:115.16,117.3 1 0
capstone/services/complaints/complaint_services.go:118.2,118.24 1 0
capstone/services/complaints/complaint_services.go:121.115,124.16 2 0
capstone/services/complaints/complaint_services.go:124.16,126.3 1 0
capstone/services/complaints/complaint_services.go:127.2,127.24 1 0
capstone/services/complaints/complaint_services.go:130.94,133.16 2 0
capstone/services/complaints/complaint_services.go:133.16,135.3 1 0
capstone/services/complaints/complaint_services.go:136.2,136.24 1 0
capstone/services/complaints/complaint_services.go:139.70,141.16 2 0
capstone/services/complaints/complaint_services.go:141.16,143.3 1 0
capstone/services/complaints/complaint_services.go:144.2,144.13 1 0
capstone/services/complaints/complaint_services.go:144.13,146.3 1 0
capstone/services/complaints/complaint_services.go:147.2,147.12 1 0
capstone/services/complaints/complaint_services.go:150.117,153.16 2 0
capstone/services/complaints/complaint_services.go:153.16,155.3 1 0
capstone/services/complaints/complaint_services.go:156.2,156.24 1 0
capstone/services/complaints/complaint_services.go:159.117,162.16 2 0
capstone/services/complaints/complaint_services.go:162.16,164.3 1 0
capstone/services/complaints/complaint_services.go:167.2,167.32 1 0
capstone/services/complaints/complaint_services.go:167.32,169.3 1 0
capstone/services/complaints/complaint_services.go:172.2,172.34 1 0
capstone/services/complaints/complaint_services.go:172.34,174.3 1 0
capstone/services/complaints/complaint_services.go:177.2,177.28 1 0
capstone/services/complaints/complaint_services.go:177.28,179.3 1 0
capstone/services/complaints/complaint_services.go:182.2,183.16 2 0
capstone/services/complaints/complaint_services.go:183.16,185.3 1 0
capstone/services/complaints/complaint_services.go:188.2,189.16 2 0
capstone/services/complaints/complaint_services.go:189.16,191.3 1 0
capstone/services/complaints/complaint_services.go:193.2,193.49 1 0
capstone/services/complaints/manage_complaints_services.go:9.143,11.18 1 0
capstone/services/complaints/manage_complaints_services.go:11.18,13.50 2 0
capstone/services/complaints/manage_complaints_services.go:13.50,15.4 1 0
capstone/services/complaints/manage_complaints_services.go:19.2,20.16 2 0
capstone/services/complaints/manage_complaints_services.go:20.16,22.3 1 0
capstone/services/complaints/manage_complaints_services.go:24.2,24.31 1 0
capstone/services/complaints/manage_complaints_services.go:27.97,30.16 2 0
capstone/services/complaints/manage_complaints_services.go:30.16,32.3 1 0
capstone/services/complaints/manage_complaints_services.go:34.2,34.23 1 0
capstone/services/complaints/manage_complaints_services.go:37.91,39.2 1 0
capstone/services/complaints/manage_complaints_services.go:41.106,43.29 1 0
capstone/services/complaints/manage_complaints_services.go:43.29,45.61 2 0
capstone/services/complaints/manage_complaints_services.go:45.61,47.4 1 0
capstone/services/complaints/manage_complaints_services.go:51.2,51.31 1 0
capstone/services/complaints/manage_complaints_services.go:51.31,53.17 2 0
capstone/services/complaints/manage_complaints_services.go:53.17,55.4 1 0
capstone/services/complaints/manage_complaints_services.go:56.3,56.14 1 0
capstone/services/complaints/manage_complaints_services.go:56.14,58.4 1 0
capstone/services/complaints/manage_complaints_services.go:62.2,63.16 2 0
capstone/services/complaints/manage_complaints_services.go:63.16,65.3 1 0
capstone/services/complaints/manage_complaints_services.go:67.2,67.12 1 0
capstone/services/complaints/manage_complaints_services.go:70.75,73.16 2 0
capstone/services/complaints/manage_complaints_services.go:73.16,75.3 1 0
capstone/services/complaints/manage_complaints_services.go:78.2,78.35 1 0
capstone/services/complaints/manage_complaints_services.go:78.35,80.3 1 0
capstone/services/complaints/manage_complaints_services.go:83.2,84.16 2 0
capstone/services/complaints/manage_complaints_services.go:84.16,86.3 1 0
capstone/services/complaints/manage_complaints_services.go:88.2,88.12 1 0
capstone/services/news/manage_news.go:9.96,11.2 1 0
capstone/services/news/manage_news.go:13.82,15.2 1 0
capstone/services/news/manage_news.go:17.75,20.16 2 0
capstone/services/news/manage_news.go:20.16,22.3 1 0
capstone/services/news/manage_news.go:23.2,23.14 1 0
capstone/services/news/manage_news.go:23.14,25.3 1 0
capstone/services/news/manage_news.go:27.2,27.23 1 0
capstone/services/news/manage_news.go:27.23,29.3 1 0
capstone/services/news/manage_news.go:32.2,33.16 2 0
capstone/services/news/manage_news.go:33.16,35.3 1 0
capstone/services/news/manage_news.go:37.2,37.24 1 0
capstone/services/news/manage_news.go:40.100,43.16 2 0
capstone/services/news/manage_news.go:43.16,45.3 1 0
capstone/services/news/manage_news.go:46.2,46.14 1 0
capstone/services/news/manage_news.go:46.14,48.3 1 0
capstone/services/news/manage_news.go:51.2,52.16 2 0
capstone/services/news/manage_news.go:52.16,54.3 1 0
capstone/services/news/manage_news.go:56.2,56.18 1 0
capstone/services/news/manage_news.go:59.60,61.19 1 0
capstone/services/news/manage_news.go:61.19,63.3 1 0
capstone/services/news/manage_news.go:66.2,67.16 2 0
capstone/services/news/manage_news.go:67.16,69.3 1 0
capstone/services/news/manage_news.go:72.2,72.27 1 0
capstone/services/news/manage_news.go:72.27,74.3 1 0
capstone/services/news/manage_news.go:75.2,75.34 1 0
capstone/services/news/manage_news.go:75.34,77.3 1 0
capstone/services/news/manage_news.go:80.2,81.16 2 0
capstone/services/news/manage_news.go:81.16,83.3 1 0
capstone/services/news/manage_news.go:85.2,85.12 1 0
capstone/services/news/view_news.go:22.69,24.2 1 0
capstone/services/news/view_news.go:26.88,28.2 1 0
capstone/services/news/view_news.go:30.70,33.2 1 0
capstone/services/comment/user_comment.go:20.81,22.2 1 0
capstone/services/comment/user_comment.go:24.90,25.25 1 0
capstone/services/comment/user_comment.go:25.25,27.3 1 0
capstone/services/comment/user_comment.go:29.2,29.27 1 0
capstone/services/comment/user_comment.go:29.27,31.3 1 0
capstone/services/comment/user_comment.go:34.2,35.16 2 0
capstone/services/comment/user_comment.go:35.16,37.3 1 0
capstone/services/comment/user_comment.go:40.2,41.16 2 0
capstone/services/comment/user_comment.go:41.16,43.3 1 0
capstone/services/comment/user_comment.go:44.2,44.13 1 0
capstone/services/comment/user_comment.go:44.13,46.3 1 0
capstone/services/comment/user_comment.go:48.2,48.43 1 0
capstone/services/comment/user_comment.go:51.86,54.16 2 0
capstone/services/comment/user_comment.go:54.16,56.3 1 0
capstone/services/comment/user_comment.go:57.2,57.22 1 0
capstone/services/comment/user_comment.go:60.72,63.16 2 0
capstone/services/comment/user_comment.go:63.16,65.3 1 0
capstone/services/comment/user_comment.go:66.2,66.22 1 0
capstone/services/comment/user_comment.go:69.86,72.16 2 0
capstone/services/comment/user_comment.go:72.16,74.3 1 0
capstone/services/comment/user_comment.go:75.2,75.21 1 0
capstone/services/feedbacks/admin_feedback_services.go:10.113,13.32 2 0
capstone/services/feedbacks/admin_feedback_services.go:13.32,15.3 1 0
capstone/services/feedbacks/admin_feedback_services.go:18.2,19.16 2 0
capstone/services/feedbacks/admin_feedback_services.go:19.16,21.3 1 0
capstone/services/feedbacks/admin_feedback_services.go:24.2,25.16 2 0
capstone/services/feedbacks/admin_feedback_services.go:25.16,27.3 1 0
capstone/services/feedbacks/admin_feedback_services.go:28.2,28.17 1 0
capstone/services/feedbacks/admin_feedback_services.go:28.17,30.3 1 0
capstone/services/feedbacks/admin_feedback_services.go:33.2,34.31 2 0
capstone/services/feedbacks/admin_feedback_services.go:34.31,36.3 1 0
capstone/services/feedbacks/admin_feedback_services.go:39.2,49.16 3 0
capstone/services/feedbacks/admin_feedback_services.go:49.16,51.3 1 0
capstone/services/feedbacks/admin_feedback_services.go:54.2,55.16 2 0
capstone/services/feedbacks/admin_feedback_services.go:55.16,57.3 1 0
capstone/services/feedbacks/admin_feedback_services.go:60.2,61.16 2 0
capstone/services/feedbacks/admin_feedback_services.go:61.16,63.3 1 0
capstone/services/feedbacks/admin_feedback_services.go:66.2,68.22 2 0
capstone/services/feedbacks/admin_feedback_services.go:71.102,74.16 2 0
capstone/services/feedbacks/admin_feedback_services.go:74.16,76.3 1 0
capstone/services/feedbacks/admin_feedback_services.go:79.2,83.16 3 0
capstone/services/feedbacks/admin_feedback_services.go:83.16,85.3 1 0
capstone/services/feedbacks/admin_feedback_services.go:88.2,89.16 2 0
capstone/services/feedbacks/admin_feedback_services.go:89.16,91.3 1 0
capstone/services/feedbacks/admin_feedback_services.go:93.2,93.29 1 0
capstone/services/feedbacks/user_feedback_services.go:23.85,25.2 1 0
capstone/services/feedbacks/user_feedback_services.go:27.107,30.16 2 0
capstone/services/feedbacks/user_feedback_services.go:30.16,32.3 1 0
capstone/services/feedbacks/user_feedback_services.go:34.2,34.32 1 0
capstone/services/feedbacks/user_feedback_services.go:34.32,36.3 1 0
capstone/services/feedbacks/user_feedback_services.go:38.2,38.36 1 0
capstone/services/feedbacks/user_feedback_services.go:38.36,40.3 1 0
capstone/services/feedbacks/user_feedback_services.go:43.2,44.16 2 0
capstone/services/feedbacks/user_feedback_services.go:44.16,46.3 1 0
capstone/services/feedbacks/user_feedback_services.go:48.2,48.22 1 0
capstone/services/feedbacks/user_feedback_services.go:51.88,54.16 2 0
capstone/services/feedbacks/user_feedback_services.go:54.16,56.3 1 0
capstone/services/feedbacks/user_feedback_services.go:57.2,57.23 1 0
capstone/services/feedbacks/user_feedback_services.go:60.101,63.16 2 0
capstone/services/feedbacks/user_feedback_services.go:63.16,65.3 1 0
capstone/services/feedbacks/user_feedback_services.go:68.2,68.31 1 0
capstone/services/feedbacks/user_feedback_services.go:68.31,70.3 1 0
capstone/services/feedbacks/user_feedback_services.go:73.2,73.29 1 0
capstone/services/feedbacks/user_feedback_services.go:73.29,75.3 1 0
capstone/services/feedbacks/user_feedback_services.go:78.2,78.45 1 0
capstone/services/feedbacks/user_feedback_services.go:78.45,80.3 1 0
capstone/services/feedbacks/user_feedback_services.go:83.2,84.16 2 0
capstone/services/feedbacks/user_feedback_services.go:84.16,86.3 1 0
capstone/services/feedbacks/user_feedback_services.go:89.2,90.16 2 0
capstone/services/feedbacks/user_feedback_services.go:90.16,92.3 1 0
capstone/services/feedbacks/user_feedback_services.go:94.2,94.12 1 0
capstone/services/feedbacks/user_feedback_services.go:97.99,100.16 2 0
capstone/services/feedbacks/user_feedback_services.go:100.16,102.3 1 0
capstone/services/feedbacks/user_feedback_services.go:105.2,105.31 1 0
capstone/services/feedbacks/user_feedback_services.go:105.31,107.3 1 0
capstone/services/feedbacks/user_feedback_services.go:109.2,109.22 1 0
capstone/middlewares/jwt.go:25.64,35.16 4 0
capstone/middlewares/jwt.go:35.16,37.3 1 0
capstone/middlewares/jwt.go:38.2,38.15 1 0
capstone/middlewares/jwt.go:42.52,45.2 2 0
capstone/middlewares/jwt.go:48.52,51.2 2 0
capstone/middlewares/jwt.go:53.74,54.36 1 0
capstone/middlewares/jwt.go:54.36,56.10 2 0
capstone/middlewares/jwt.go:56.10,58.4 1 0
capstone/middlewares/jwt.go:61.3,62.30 2 0
capstone/middlewares/jwt.go:62.30,64.4 1 0
capstone/middlewares/jwt.go:67.3,68.10 2 0
capstone/middlewares/jwt.go:68.10,70.4 1 0
capstone/middlewares/jwt.go:71.3,73.17 2 0
capstone/middlewares/jwt_admin.go:25.80,37.2 4 0
capstone/middlewares/jwt_admin.go:40.85,41.36 1 0
capstone/middlewares/jwt_admin.go:41.36,44.10 2 0
capstone/middlewares/jwt_admin.go:44.10,46.4 1 0
capstone/middlewares/jwt_admin.go:49.3,50.30 2 0
capstone/middlewares/jwt_admin.go:50.30,52.4 1 0
capstone/middlewares/jwt_admin.go:55.3,56.10 2 0
capstone/middlewares/jwt_admin.go:56.10,58.4 1 0
capstone/middlewares/jwt_admin.go:59.3,60.10 2 0
capstone/middlewares/jwt_admin.go:60.10,62.4 1 0
capstone/middlewares/jwt_admin.go:65.3,68.17 3 0
capstone/middlewares/jwt_admin.go:73.50,75.9 2 0
capstone/middlewares/jwt_admin.go:75.9,77.3 1 0
capstone/middlewares/jwt_admin.go:78.2,78.21 1 0
capstone/middlewares/jwt_admin.go:82.55,84.9 2 0
capstone/middlewares/jwt_admin.go:84.9,86.3 1 0
capstone/middlewares/jwt_admin.go:87.2,87.18 1 0
capstone/repositories/auth/auth_repository.go:13.53,17.2 1 0
capstone/repositories/auth/auth_repository.go:33.83,36.22 3 0
capstone/repositories/auth/auth_repository.go:36.22,38.3 1 0
capstone/repositories/auth/auth_repository.go:39.2,39.33 1 0
capstone/repositories/auth/auth_repository.go:42.80,45.22 3 0
capstone/repositories/auth/auth_repository.go:45.22,47.3 1 0
capstone/repositories/auth/auth_repository.go:48.2,48.33 1 0
capstone/repositories/auth/auth_repository.go:51.72,54.16 3 0
capstone/repositories/auth/auth_repository.go:54.16,56.3 1 0
capstone/repositories/auth/auth_repository.go:57.2,57.23 1 0
capstone/repositories/auth/auth_repository.go:60.79,63.16 3 0
capstone/repositories/auth/auth_repository.go:63.16,65.3 1 0
capstone/repositories/auth/auth_repository.go:66.2,66.31 1 0
capstone/repositories/auth/auth_repository.go:69.64,83.31 3 0
capstone/repositories/auth/auth_repository.go:83.31,85.3 1 0
capstone/repositories/auth/auth_repository.go:85.8,87.3 1 0
capstone/repositories/auth/auth_repository.go:90.2,90.89 1 0
capstone/repositories/auth/auth_repository.go:93.74,96.16 3 0
capstone/repositories/auth/auth_repository.go:96.16,98.3 1 0
capstone/repositories/auth/auth_repository.go:99.2,99.31 1 0
capstone/repositories/auth/auth_repository.go:102.71,104.21 2 0
capstone/repositories/auth/auth_repository.go:104.21,106.3 1 0
capstone/repositories/auth/auth_repository.go:107.2,107.25 1 0
capstone/repositories/auth/auth_repository.go:107.25,109.3 1 0
capstone/repositories/auth/auth_repository.go:110.2,110.25 1 0
capstone/repositories/auth/auth_repository.go:110.25,112.3 1 0
capstone/repositories/auth/auth_repository.go:114.2,114.87 1 0
capstone/repositories/auth/auth_repository_admin.go:17.55,19.2 1 0
capstone/repositories/auth/auth_repository_admin.go:22.88,24.58 2 0
capstone/repositories/auth/auth_repository_admin.go:24.58,26.3 1 0
capstone/repositories/auth/auth_repository_admin.go:27.2,27.37 1 0
capstone/repositories/auth/auth_repository_admin.go:31.70,33.57 2 0
capstone/repositories/auth/auth_repository_admin.go:33.57,35.3 1 0
capstone/repositories/auth/auth_repository_admin.go:37.2,38.41 2 0
capstone/repositories/auth/auth_repository_admin.go:38.41,40.3 1 0
capstone/repositories/auth/auth_repository_admin.go:41.2,41.20 1 0
capstone/repositories/auth/auth_repository_admin.go:45.75,47.61 2 0
capstone/repositories/auth/auth_repository_admin.go:47.61,48.45 1 0
capstone/repositories/auth/auth_repository_admin.go:48.45,50.4 1 0
capstone/repositories/auth/auth_repository_admin.go:51.3,51.31 1 0
capstone/repositories/auth/auth_repository_admin.go:53.2,53.37 1 0
capstone/repositories/auth/auth_repository_admin.go:57.88,64.23 2 0
capstone/repositories/auth/auth_repository_admin.go:64.23,66.3 1 0
capstone/repositories/auth/auth_repository_admin.go:67.2,67.37 1 0
capstone/repositories/auth/auth_repository_admin.go:71.56,72.66 1 0
capstone/repositories/auth/auth_repository_admin.go:72.66,74.3 1 0
capstone/repositories/auth/auth_repository_admin.go:75.2,75.12 1 0
capstone/repositories/auth/auth_repository_admin.go:78.77,87.2 2 0
capstone/repositories/auth/auth_repository_admin.go:89.78,92.16 3 0
capstone/repositories/auth/auth_repository_admin.go:92.16,94.3 1 0
capstone/repositories/auth/auth_repository_admin.go:95.2,95.23 1 0
capstone/repositories/models/admin.go:20.52,30.2 1 0
capstone/repositories/models/admin.go:33.48,43.2 1 0
capstone/repositories/models/ai_response_models.go:18.54,33.2 1 0
capstone/repositories/models/categories.go:17.57,25.2 1 0
capstone/repositories/models/categories.go:27.50,35.2 1 0
capstone/repositories/models/comment.go:18.60,26.2 1 0
capstone/repositories/models/comment.go:28.54,38.2 1 0
capstone/repositories/models/complaints.go:29.60,42.2 1 0
capstone/repositories/models/complaints.go:44.52,46.33 2 0
capstone/repositories/models/complaints.go:46.33,48.3 1 0
capstone/repositories/models/complaints.go:50.2,51.39 2 0
capstone/repositories/models/complaints.go:51.39,53.3 1 0
capstone/repositories/models/complaints.go:55.2,72.3 1 0
capstone/repositories/models/complaints.go:75.58,77.33 2 0
capstone/repositories/models/complaints.go:77.33,79.3 1 0
capstone/repositories/models/complaints.go:81.2,82.39 2 0
capstone/repositories/models/complaints.go:82.39,84.3 1 0
capstone/repositories/models/complaints.go:86.2,104.3 1 0
capstone/repositories/models/feedbacks.go:24.64,33.2 1 0
capstone/repositories/models/feedbacks.go:36.57,80.2 1 0
capstone/repositories/models/feedbacks.go:83.72,85.31 2 0
capstone/repositories/models/feedbacks.go:85.31,87.3 1 0
capstone/repositories/models/feedbacks.go:88.2,88.21 1 0
capstone/repositories/models/news.go:24.45,38.2 1 0
capstone/repositories/models/news.go:40.48,52.2 1 0
capstone/repositories/models/news.go:54.56,56.40 2 0
capstone/repositories/models/news.go:56.40,58.3 1 0
capstone/repositories/models/news.go:60.2,71.3 1 0
capstone/repositories/models/url_photos.go:15.79,22.2 1 0
capstone/repositories/models/url_photos.go:24.63,31.2 1 0
capstone/repositories/models/users.go:23.48,37.2 1 0
capstone/repositories/models/users.go:39.45,53.2 1 0
capstone/services/auth/auth_service.go:35.114,39.2 1 1
capstone/services/auth/auth_service.go:41.80,43.22 1 1
capstone/services/auth/auth_service.go:43.22,45.3 1 1
capstone/services/auth/auth_service.go:48.2,48.25 1 1
capstone/services/auth/auth_service.go:48.25,50.3 1 1
capstone/services/auth/auth_service.go:53.2,53.21 1 1
capstone/services/auth/auth_service.go:53.21,55.3 1 1
capstone/services/auth/auth_service.go:58.2,58.22 1 1
capstone/services/auth/auth_service.go:58.22,60.3 1 1
capstone/services/auth/auth_service.go:63.2,64.16 2 1
capstone/services/auth/auth_service.go:64.16,66.3 1 0
capstone/services/auth/auth_service.go:67.2,67.12 1 1
capstone/services/auth/auth_service.go:67.12,69.3 1 1
capstone/services/auth/auth_service.go:72.2,85.16 6 0
capstone/services/auth/auth_service.go:85.16,87.3 1 0
capstone/services/auth/auth_service.go:91.2,93.16 2 0
capstone/services/auth/auth_service.go:93.16,95.3 1 0
capstone/services/auth/auth_service.go:97.2,97.18 1 0
capstone/services/auth/auth_service.go:100.45,140.16 14 0
capstone/services/auth/auth_service.go:140.16,143.3 1 0
capstone/services/auth/auth_service.go:146.2,146.12 1 0
capstone/services/auth/auth_service.go:149.77,150.22 1 1
capstone/services/auth/auth_service.go:150.22,152.3 1 1
capstone/services/auth/auth_service.go:152.8,152.32 1 1
capstone/services/auth/auth_service.go:152.32,154.3 1 1
capstone/services/auth/auth_service.go:156.2,160.16 3 1
capstone/services/auth/auth_service.go:160.16,162.3 1 1
capstone/services/auth/auth_service.go:165.2,165.20 1 1
capstone/services/auth/auth_service.go:165.20,167.3 1 1
capstone/services/auth/auth_service.go:170.2,171.12 2 1
capstone/services/auth/auth_service.go:171.12,173.3 1 1
capstone/services/auth/auth_service.go:176.2,177.16 2 1
capstone/services/auth/auth_service.go:177.16,179.3 1 0
capstone/services/auth/auth_service.go:181.2,182.18 2 1
capstone/services/auth/auth_service.go:185.52,188.2 2 1
capstone/services/auth/auth_service.go:190.52,193.2 2 1
capstone/services/auth/auth_service.go:195.27,197.2 1 1
capstone/services/auth/auth_service.go:199.59,201.16 2 1
capstone/services/auth/auth_service.go:201.16,203.3 1 1
capstone/services/auth/auth_service.go:208.2,208.21 1 1
capstone/services/auth/auth_service.go:208.21,210.3 1 1
capstone/services/auth/auth_service.go:213.2,213.38 1 1
capstone/services/auth/auth_service.go:213.38,215.3 1 1
capstone/services/auth/auth_service.go:217.2,217.29 1 1
capstone/services/auth/auth_service.go:217.29,219.3 1 0
capstone/services/auth/auth_service.go:222.2,227.16 5 1
capstone/services/auth/auth_service.go:227.16,229.3 1 0
capstone/services/auth/auth_service.go:231.2,231.12 1 1
capstone/services/auth/auth_service.go:234.71,236.16 2 1
capstone/services/auth/auth_service.go:236.16,238.3 1 1
capstone/services/auth/auth_service.go:239.2,239.18 1 1
capstone/services/auth/auth_service.go:242.83,244.16 2 1
capstone/services/auth/auth_service.go:244.16,246.3 1 1
capstone/services/auth/auth_service.go:248.2,250.16 3 1
capstone/services/auth/auth_service.go:250.16,252.3 1 0
capstone/services/auth/auth_service.go:254.2,254.18 1 1
capstone/services/auth/auth_service.go:257.88,259.16 2 1
capstone/services/auth/auth_service.go:259.16,261.3 1 1
capstone/services/auth/auth_service.go:264.2,264.20 1 1
capstone/services/auth/auth_service.go:264.20,266.3 1 1
capstone/services/auth/auth_service.go:268.2,270.16 3 1
capstone/services/auth/auth_service.go:270.16,272.3 1 0
capstone/services/auth/auth_service.go:274.2,274.18 1 1
capstone/services/auth/auth_service.go:277.90,279.16 2 1
capstone/services/auth/auth_service.go:279.16,281.3 1 1
capstone/services/auth/auth_service.go:283.2,283.52 1 1
capstone/services/auth/auth_service.go:283.52,285.3 1 1
capstone/services/auth/auth_service.go:287.2,291.16 4 1
capstone/services/auth/auth_service.go:291.16,293.3 1 1
capstone/services/auth/auth_service.go:295.2,295.12 1 1
capstone/services/auth/auth_service_admin.go:20.121,22.2 1 0
capstone/services/auth/auth_service_admin.go:25.90,28.16 2 0
capstone/services/auth/auth_service_admin.go:28.16,30.3 1 0
capstone/services/auth/auth_service_admin.go:31.2,31.12 1 0
capstone/services/auth/auth_service_admin.go:31.12,33.3 1 0
capstone/services/auth/auth_service_admin.go:36.2,37.16 2 0
capstone/services/auth/auth_service_admin.go:37.16,39.3 1 0
capstone/services/auth/auth_service_admin.go:40.2,44.16 3 0
capstone/services/auth/auth_service_admin.go:44.16,46.3 1 0
capstone/services/auth/auth_service_admin.go:48.2,48.26 1 0
capstone/services/auth/auth_service_admin.go:52.104,55.16 2 0
capstone/services/auth/auth_service_admin.go:55.16,57.3 1 0
capstone/services/auth/auth_service_admin.go:60.2,61.31 2 0
capstone/services/auth/auth_service_admin.go:61.31,62.27 1 0
capstone/services/auth/auth_service_admin.go:62.27,64.9 2 0
capstone/services/auth/auth_service_admin.go:69.2,69.24 1 0
capstone/services/auth/auth_service_admin.go:69.24,71.3 1 0
capstone/services/auth/auth_service_admin.go:74.2,74.101 1 0
capstone/services/auth/auth_service_admin.go:74.101,76.3 1 0
capstone/services/auth/auth_service_admin.go:79.2,80.16 2 0
capstone/services/auth/auth_service_admin.go:80.16,82.3 1 0
capstone/services/auth/auth_service_admin.go:84.2,84.31 1 0
capstone/services/auth/auth_service_admin.go:88.71,90.2 1 0
capstone/services/auth/auth_service_admin.go:93.75,95.2 1 0
capstone/services/auth/auth_service_admin.go:98.88,101.16 2 0
capstone/services/auth/auth_service_admin.go:101.16,103.3 1 0
capstone/services/auth/auth_service_admin.go:106.2,106.23 1 0
capstone/services/auth/auth_service_admin.go:106.23,108.3 1 0
capstone/services/auth/auth_service_admin.go:109.2,109.26 1 0
capstone/services/auth/auth_service_admin.go:109.26,111.17 2 0
capstone/services/auth/auth_service_admin.go:111.17,113.4 1 0
capstone/services/auth/auth_service_admin.go:114.3,114.42 1 0
capstone/services/auth/auth_service_admin.go:115.8,117.3 1 0
capstone/services/auth/auth_service_admin.go:118.2,118.22 1 0
capstone/services/auth/auth_service_admin.go:118.22,120.3 1 0
capstone/services/auth/auth_service_admin.go:122.2,122.45 1 0
capstone/services/auth/auth_service_admin.go:126.56,128.2 1 0
capstone/services/auth/auth_service_admin.go:131.88,133.16 2 0
capstone/services/auth/auth_service_admin.go:133.16,135.3 1 0
capstone/services/auth/auth_service_admin.go:137.2,137.32 1 0
capstone/services/auth/auth_service_admin.go:137.32,139.3 1 0
capstone/services/auth/auth_service_admin.go:141.2,141.12 1 0
capstone/services/auth/auth_service_admin.go:144.117,146.16 2 0
capstone/services/auth/auth_service_admin.go:146.16,148.3 1 0
capstone/services/auth/auth_service_admin.go:151.2,151.17 1 0
capstone/services/auth/auth_service_admin.go:151.17,153.3 1 0
capstone/services/auth/auth_service_admin.go:155.2,155.20 1 0
capstone/services/auth/auth_service_admin.go:155.20,157.17 2 0
capstone/services/auth/auth_service_admin.go:157.17,159.4 1 0
capstone/services/auth/auth_service_admin.go:160.3,160.42 1 0
capstone/services/auth/auth_service_admin.go:163.2,163.17 1 0
capstone/services/auth/auth_service_admin.go:163.17,165.3 1 0
capstone/services/auth/auth_service_admin.go:168.2,168.68 1 0
capstone/services/auth/auth_service_admin.go:168.68,170.3 1 0
capstone/services/auth/auth_service_admin.go:172.2,172.19 1 0
capstone/utils/strings_utils.go:6.47,8.29 2 1
capstone/utils/strings_utils.go:8.29,10.3 1 1
capstone/utils/strings_utils.go:11.2,11.33 1 1
capstone/utils/strings_utils.go:15.52,16.25 1 0
capstone/utils/strings_utils.go:16.25,17.15 1 0
capstone/utils/strings_utils.go:17.15,19.4 1 0
capstone/utils/strings_utils.go:21.2,21.14 1 0
